<?xml version="1.0" encoding="UTF-8"?>
<testsuite name="SearchTests" tests="1" skipped="0" failures="1" errors="0" timestamp="2023-02-28T20:46:43" hostname="DKHOME" time="11.668">
  <properties/>
  <testcase name="successfulSearchTest()" classname="SearchTests" time="11.668">
    <failure message="Element should have text &quot;https://selenide.org&quot; {[id=search]}&#13;&#10;Element: '&lt;div id=&quot;search&quot;&gt;Результаты поиска&#10;Веб-результат со ссылками на сайт&#10;&#10;Selenide: лаконичные и стабильные UI тесты на Java&#10;https://ru.selenide.org&#10;Selenide - это фреймворк для автоматизированного тестирования веб-приложений на основе Selenium WebDriver, дающий следующие преимущества:.&#10;Док&#10;shouldHave(text(&quot;Привет&quot;));. Используй мощь IDE! Весь ...&#10;С чего начать?&#10;Просто добавь в проект selenide.jar (и его зависимости) и ...&#10;Selenide vs Selenium&#10;А Selenide - удобный инструмент для автоматических тестов ...&#10;Documentation&#10;Selenide vs Selenium - FAQ - Class Selenide - Screenshots&#10;Другие результаты с сайта selenide.org »&#10;&#10;Selenide vs Selenium — подробное сравнение - Habr&#10;https://habr.com › company › otus › blog&#10;16 февр. 2022 г. — Selenide — это автоматизированная система тестирования программного обеспечения, используемая для написания программных кодов, которая помогает ...&#10;&#10;Эффективные UI-тесты на Selenide - Habr&#10;https://habr.com › post&#10;Selenide — это библиотека для написания лаконичных и стабильных UI тестов с открытым исходным кодом. Selenide — идеальный выбор для разработчиков, потому что у ...&#10;Похожие запросы&#10;Чем Selenide отличается от Selenium?&#10;&#10;Что лучше Selenium?&#10;&#10;Что такое Селениум иде?&#10;&#10;Как подключить Selenide?&#10;&#10;Оставить отзыв&#10;&#10;Selenide - Concise UI Tests with Java! - GitHub&#10;https://github.com › selenide&#10;Перевести эту страницу&#10;Selenide is a framework for writing easy-to-read and easy-to-maintain automated tests in Java. It defines concise fluent API, natural language assertions ...&#10;Видео&#10;55:54&#10;Автотесты с нуля Selenide Java&#10;YouTube · Oleh Pendrak&#10;55 минут 54 секунды&#10;6 окт. 2021 г.&#10;15 ключевых моментов&#10; в этом видео&#10;38:30&#10;Selenide + Playwright Java = объединяй и властвуй&#10;YouTube · SQA ANALYST DAYS&#10;38 минут 30 секунд&#10;6 окт. 2022 г.&#10;1:31:37&#10;Selenide: как тестировать веб-элементы: Видео из блога IT ...&#10;Маркетинг · Hillel IT School&#10;1 час 31 минута 37 секунд&#10;12 авг. 2022 г.&#10;Показать все&#10;&#10;Selenium и Selenide для начинающих Automation QA + 2 ...&#10;https://www.udemy.com › ... › Selenium WebDriver&#10;Подготовка и знакомство с инструментами и технологиями: Java, JUnit, Selenium WebDriver, Selenide, Git, Jenkinse, Allure Report.&#10;&#10;Selenide: тестирование c Selenium на Java - Skillbox&#10;https://skillbox.ru › course › selenide&#10;Онлайн-курс «Selenide» — Skillbox: стань автоматизатором UI-тестов на Selenide (библиотека на базе Selenium WebDriver). Курс ведёт: Алексей Виноградов ...&#10;&#10;Condition · Selenide User Guide&#10;https://selenide.gitbooks.io › content › selenide-api › co...&#10;com.codeborne.selenide.Condition [src] · visible | appear // e.g. $(&quot;input&quot;). · present | exist // условия присутствия элемента в DOM · hidden | disappear | not( ...&lt;/div&gt;'&#13;&#10;Actual value: text=&quot;Результаты поиска&#10;Веб-результат со ссылками на сайт&#10;&#10;Selenide: лаконичные и стабильные UI тесты на Java&#10;https://ru.selenide.org&#10;Selenide - это фреймворк для автоматизированного тестирования веб-приложений на основе Selenium WebDriver, дающий следующие преимущества:.&#10;Док&#10;shouldHave(text(&quot;Привет&quot;));. Используй мощь IDE! Весь ...&#10;С чего начать?&#10;Просто добавь в проект selenide.jar (и его зависимости) и ...&#10;Selenide vs Selenium&#10;А Selenide - удобный инструмент для автоматических тестов ...&#10;Documentation&#10;Selenide vs Selenium - FAQ - Class Selenide - Screenshots&#10;Другие результаты с сайта selenide.org »&#10;&#10;Selenide vs Selenium — подробное сравнение - Habr&#10;https://habr.com › company › otus › blog&#10;16 февр. 2022 г. — Selenide — это автоматизированная система тестирования программного обеспечения, используемая для написания программных кодов, которая помогает ...&#10;&#10;Эффективные UI-тесты на Selenide - Habr&#10;https://habr.com › post&#10;Selenide — это библиотека для написания лаконичных и стабильных UI тестов с открытым исходным кодом. Selenide — идеальный выбор для разработчиков, потому что у ...&#10;Похожие запросы&#10;Чем Selenide отличается от Selenium?&#10;&#10;Что лучше Selenium?&#10;&#10;Что такое Селениум иде?&#10;&#10;Как подключить Selenide?&#10;&#10;Оставить отзыв&#10;&#10;Selenide - Concise UI Tests with Java! - GitHub&#10;https://github.com › selenide&#10;Перевести эту страницу&#10;Selenide is a framework for writing easy-to-read and easy-to-maintain automated tests in Java. It defines concise fluent API, natural language assertions ...&#10;Видео&#10;55:54&#10;Автотесты с нуля Selenide Java&#10;YouTube · Oleh Pendrak&#10;55 минут 54 секунды&#10;6 окт. 2021 г.&#10;15 ключевых моментов&#10; в этом видео&#10;38:30&#10;Selenide + Playwright Java = объединяй и властвуй&#10;YouTube · SQA ANALYST DAYS&#10;38 минут 30 секунд&#10;6 окт. 2022 г.&#10;1:31:37&#10;Selenide: как тестировать веб-элементы: Видео из блога IT ...&#10;Маркетинг · Hillel IT School&#10;1 час 31 минута 37 секунд&#10;12 авг. 2022 г.&#10;Показать все&#10;&#10;Selenium и Selenide для начинающих Automation QA + 2 ...&#10;https://www.udemy.com › ... › Selenium WebDriver&#10;Подготовка и знакомство с инструментами и технологиями: Java, JUnit, Selenium WebDriver, Selenide, Git, Jenkinse, Allure Report.&#10;&#10;Selenide: тестирование c Selenium на Java - Skillbox&#10;https://skillbox.ru › course › selenide&#10;Онлайн-курс «Selenide» — Skillbox: стань автоматизатором UI-тестов на Selenide (библиотека на базе Selenium WebDriver). Курс ведёт: Алексей Виноградов ...&#10;&#10;Condition · Selenide User Guide&#10;https://selenide.gitbooks.io › content › selenide-api › co...&#10;com.codeborne.selenide.Condition [src] · visible | appear // e.g. $(&quot;input&quot;). · present | exist // условия присутствия элемента в DOM · hidden | disappear | not( ...&quot;&#13;&#10;Screenshot: file:/C:/IdeaProjects/getting-started-java/build/reports/tests/1677617215018.0.png&#13;&#10;Page source: file:/C:/IdeaProjects/getting-started-java/build/reports/tests/1677617215018.0.html&#13;&#10;Timeout: 4 s." type="com.codeborne.selenide.ex.ElementShould">Element should have text &quot;https://selenide.org&quot; {[id=search]}
Element: '&lt;div id=&quot;search&quot;&gt;Результаты поиска
Веб-результат со ссылками на сайт

Selenide: лаконичные и стабильные UI тесты на Java
https://ru.selenide.org
Selenide - это фреймворк для автоматизированного тестирования веб-приложений на основе Selenium WebDriver, дающий следующие преимущества:.
Док
shouldHave(text(&quot;Привет&quot;));. Используй мощь IDE! Весь ...
С чего начать?
Просто добавь в проект selenide.jar (и его зависимости) и ...
Selenide vs Selenium
А Selenide - удобный инструмент для автоматических тестов ...
Documentation
Selenide vs Selenium - FAQ - Class Selenide - Screenshots
Другие результаты с сайта selenide.org »

Selenide vs Selenium — подробное сравнение - Habr
https://habr.com › company › otus › blog
16 февр. 2022 г. — Selenide — это автоматизированная система тестирования программного обеспечения, используемая для написания программных кодов, которая помогает ...

Эффективные UI-тесты на Selenide - Habr
https://habr.com › post
Selenide — это библиотека для написания лаконичных и стабильных UI тестов с открытым исходным кодом. Selenide — идеальный выбор для разработчиков, потому что у ...
Похожие запросы
Чем Selenide отличается от Selenium?

Что лучше Selenium?

Что такое Селениум иде?

Как подключить Selenide?

Оставить отзыв

Selenide - Concise UI Tests with Java! - GitHub
https://github.com › selenide
Перевести эту страницу
Selenide is a framework for writing easy-to-read and easy-to-maintain automated tests in Java. It defines concise fluent API, natural language assertions ...
Видео
55:54
Автотесты с нуля Selenide Java
YouTube · Oleh Pendrak
55 минут 54 секунды
6 окт. 2021 г.
15 ключевых моментов
 в этом видео
38:30
Selenide + Playwright Java = объединяй и властвуй
YouTube · SQA ANALYST DAYS
38 минут 30 секунд
6 окт. 2022 г.
1:31:37
Selenide: как тестировать веб-элементы: Видео из блога IT ...
Маркетинг · Hillel IT School
1 час 31 минута 37 секунд
12 авг. 2022 г.
Показать все

Selenium и Selenide для начинающих Automation QA + 2 ...
https://www.udemy.com › ... › Selenium WebDriver
Подготовка и знакомство с инструментами и технологиями: Java, JUnit, Selenium WebDriver, Selenide, Git, Jenkinse, Allure Report.

Selenide: тестирование c Selenium на Java - Skillbox
https://skillbox.ru › course › selenide
Онлайн-курс «Selenide» — Skillbox: стань автоматизатором UI-тестов на Selenide (библиотека на базе Selenium WebDriver). Курс ведёт: Алексей Виноградов ...

Condition · Selenide User Guide
https://selenide.gitbooks.io › content › selenide-api › co...
com.codeborne.selenide.Condition [src] · visible | appear // e.g. $(&quot;input&quot;). · present | exist // условия присутствия элемента в DOM · hidden | disappear | not( ...&lt;/div&gt;'
Actual value: text=&quot;Результаты поиска
Веб-результат со ссылками на сайт

Selenide: лаконичные и стабильные UI тесты на Java
https://ru.selenide.org
Selenide - это фреймворк для автоматизированного тестирования веб-приложений на основе Selenium WebDriver, дающий следующие преимущества:.
Док
shouldHave(text(&quot;Привет&quot;));. Используй мощь IDE! Весь ...
С чего начать?
Просто добавь в проект selenide.jar (и его зависимости) и ...
Selenide vs Selenium
А Selenide - удобный инструмент для автоматических тестов ...
Documentation
Selenide vs Selenium - FAQ - Class Selenide - Screenshots
Другие результаты с сайта selenide.org »

Selenide vs Selenium — подробное сравнение - Habr
https://habr.com › company › otus › blog
16 февр. 2022 г. — Selenide — это автоматизированная система тестирования программного обеспечения, используемая для написания программных кодов, которая помогает ...

Эффективные UI-тесты на Selenide - Habr
https://habr.com › post
Selenide — это библиотека для написания лаконичных и стабильных UI тестов с открытым исходным кодом. Selenide — идеальный выбор для разработчиков, потому что у ...
Похожие запросы
Чем Selenide отличается от Selenium?

Что лучше Selenium?

Что такое Селениум иде?

Как подключить Selenide?

Оставить отзыв

Selenide - Concise UI Tests with Java! - GitHub
https://github.com › selenide
Перевести эту страницу
Selenide is a framework for writing easy-to-read and easy-to-maintain automated tests in Java. It defines concise fluent API, natural language assertions ...
Видео
55:54
Автотесты с нуля Selenide Java
YouTube · Oleh Pendrak
55 минут 54 секунды
6 окт. 2021 г.
15 ключевых моментов
 в этом видео
38:30
Selenide + Playwright Java = объединяй и властвуй
YouTube · SQA ANALYST DAYS
38 минут 30 секунд
6 окт. 2022 г.
1:31:37
Selenide: как тестировать веб-элементы: Видео из блога IT ...
Маркетинг · Hillel IT School
1 час 31 минута 37 секунд
12 авг. 2022 г.
Показать все

Selenium и Selenide для начинающих Automation QA + 2 ...
https://www.udemy.com › ... › Selenium WebDriver
Подготовка и знакомство с инструментами и технологиями: Java, JUnit, Selenium WebDriver, Selenide, Git, Jenkinse, Allure Report.

Selenide: тестирование c Selenium на Java - Skillbox
https://skillbox.ru › course › selenide
Онлайн-курс «Selenide» — Skillbox: стань автоматизатором UI-тестов на Selenide (библиотека на базе Selenium WebDriver). Курс ведёт: Алексей Виноградов ...

Condition · Selenide User Guide
https://selenide.gitbooks.io › content › selenide-api › co...
com.codeborne.selenide.Condition [src] · visible | appear // e.g. $(&quot;input&quot;). · present | exist // условия присутствия элемента в DOM · hidden | disappear | not( ...&quot;
Screenshot: file:/C:/IdeaProjects/getting-started-java/build/reports/tests/1677617215018.0.png
Page source: file:/C:/IdeaProjects/getting-started-java/build/reports/tests/1677617215018.0.html
Timeout: 4 s.
	at app//com.codeborne.selenide.impl.WebElementSource.checkCondition(WebElementSource.java:131)
	at app//com.codeborne.selenide.commands.Should.execute(Should.java:30)
	at app//com.codeborne.selenide.commands.Should.execute(Should.java:14)
	at app//com.codeborne.selenide.commands.Commands.execute(Commands.java:154)
	at app//com.codeborne.selenide.impl.SelenideElementProxy.dispatchAndRetry(SelenideElementProxy.java:131)
	at app//com.codeborne.selenide.impl.SelenideElementProxy.invoke(SelenideElementProxy.java:83)
	at app/jdk.proxy3/jdk.proxy3.$Proxy15.shouldHave(Unknown Source)
	at app//SearchTests.successfulSearchTest(SearchTests.java:12)
	at java.base@18.0.2/jdk.internal.reflect.DirectMethodHandleAccessor.invoke(DirectMethodHandleAccessor.java:104)
	at java.base@18.0.2/java.lang.reflect.Method.invoke(Method.java:577)
	at app//org.junit.platform.commons.util.ReflectionUtils.invokeMethod(ReflectionUtils.java:725)
	at app//org.junit.jupiter.engine.execution.MethodInvocation.proceed(MethodInvocation.java:60)
	at app//org.junit.jupiter.engine.execution.InvocationInterceptorChain$ValidatingInvocation.proceed(InvocationInterceptorChain.java:131)
	at app//org.junit.jupiter.engine.extension.TimeoutExtension.intercept(TimeoutExtension.java:149)
	at app//org.junit.jupiter.engine.extension.TimeoutExtension.interceptTestableMethod(TimeoutExtension.java:140)
	at app//org.junit.jupiter.engine.extension.TimeoutExtension.interceptTestMethod(TimeoutExtension.java:84)
	at app//org.junit.jupiter.engine.execution.ExecutableInvoker$ReflectiveInterceptorCall.lambda$ofVoidMethod$0(ExecutableInvoker.java:115)
	at app//org.junit.jupiter.engine.execution.ExecutableInvoker.lambda$invoke$0(ExecutableInvoker.java:105)
	at app//org.junit.jupiter.engine.execution.InvocationInterceptorChain$InterceptedInvocation.proceed(InvocationInterceptorChain.java:106)
	at app//org.junit.jupiter.engine.execution.InvocationInterceptorChain.proceed(InvocationInterceptorChain.java:64)
	at app//org.junit.jupiter.engine.execution.InvocationInterceptorChain.chainAndInvoke(InvocationInterceptorChain.java:45)
	at app//org.junit.jupiter.engine.execution.InvocationInterceptorChain.invoke(InvocationInterceptorChain.java:37)
	at app//org.junit.jupiter.engine.execution.ExecutableInvoker.invoke(ExecutableInvoker.java:104)
	at app//org.junit.jupiter.engine.execution.ExecutableInvoker.invoke(ExecutableInvoker.java:98)
	at app//org.junit.jupiter.engine.descriptor.TestMethodTestDescriptor.lambda$invokeTestMethod$7(TestMethodTestDescriptor.java:214)
	at app//org.junit.platform.engine.support.hierarchical.ThrowableCollector.execute(ThrowableCollector.java:73)
	at app//org.junit.jupiter.engine.descriptor.TestMethodTestDescriptor.invokeTestMethod(TestMethodTestDescriptor.java:210)
	at app//org.junit.jupiter.engine.descriptor.TestMethodTestDescriptor.execute(TestMethodTestDescriptor.java:135)
	at app//org.junit.jupiter.engine.descriptor.TestMethodTestDescriptor.execute(TestMethodTestDescriptor.java:66)
	at app//org.junit.platform.engine.support.hierarchical.NodeTestTask.lambda$executeRecursively$6(NodeTestTask.java:151)
	at app//org.junit.platform.engine.support.hierarchical.ThrowableCollector.execute(ThrowableCollector.java:73)
	at app//org.junit.platform.engine.support.hierarchical.NodeTestTask.lambda$executeRecursively$8(NodeTestTask.java:141)
	at app//org.junit.platform.engine.support.hierarchical.Node.around(Node.java:137)
	at app//org.junit.platform.engine.support.hierarchical.NodeTestTask.lambda$executeRecursively$9(NodeTestTask.java:139)
	at app//org.junit.platform.engine.support.hierarchical.ThrowableCollector.execute(ThrowableCollector.java:73)
	at app//org.junit.platform.engine.support.hierarchical.NodeTestTask.executeRecursively(NodeTestTask.java:138)
	at app//org.junit.platform.engine.support.hierarchical.NodeTestTask.execute(NodeTestTask.java:95)
	at java.base@18.0.2/java.util.ArrayList.forEach(ArrayList.java:1511)
	at app//org.junit.platform.engine.support.hierarchical.SameThreadHierarchicalTestExecutorService.invokeAll(SameThreadHierarchicalTestExecutorService.java:41)
	at app//org.junit.platform.engine.support.hierarchical.NodeTestTask.lambda$executeRecursively$6(NodeTestTask.java:155)
	at app//org.junit.platform.engine.support.hierarchical.ThrowableCollector.execute(ThrowableCollector.java:73)
	at app//org.junit.platform.engine.support.hierarchical.NodeTestTask.lambda$executeRecursively$8(NodeTestTask.java:141)
	at app//org.junit.platform.engine.support.hierarchical.Node.around(Node.java:137)
	at app//org.junit.platform.engine.support.hierarchical.NodeTestTask.lambda$executeRecursively$9(NodeTestTask.java:139)
	at app//org.junit.platform.engine.support.hierarchical.ThrowableCollector.execute(ThrowableCollector.java:73)
	at app//org.junit.platform.engine.support.hierarchical.NodeTestTask.executeRecursively(NodeTestTask.java:138)
	at app//org.junit.platform.engine.support.hierarchical.NodeTestTask.execute(NodeTestTask.java:95)
	at java.base@18.0.2/java.util.ArrayList.forEach(ArrayList.java:1511)
	at app//org.junit.platform.engine.support.hierarchical.SameThreadHierarchicalTestExecutorService.invokeAll(SameThreadHierarchicalTestExecutorService.java:41)
	at app//org.junit.platform.engine.support.hierarchical.NodeTestTask.lambda$executeRecursively$6(NodeTestTask.java:155)
	at app//org.junit.platform.engine.support.hierarchical.ThrowableCollector.execute(ThrowableCollector.java:73)
	at app//org.junit.platform.engine.support.hierarchical.NodeTestTask.lambda$executeRecursively$8(NodeTestTask.java:141)
	at app//org.junit.platform.engine.support.hierarchical.Node.around(Node.java:137)
	at app//org.junit.platform.engine.support.hierarchical.NodeTestTask.lambda$executeRecursively$9(NodeTestTask.java:139)
	at app//org.junit.platform.engine.support.hierarchical.ThrowableCollector.execute(ThrowableCollector.java:73)
	at app//org.junit.platform.engine.support.hierarchical.NodeTestTask.executeRecursively(NodeTestTask.java:138)
	at app//org.junit.platform.engine.support.hierarchical.NodeTestTask.execute(NodeTestTask.java:95)
	at app//org.junit.platform.engine.support.hierarchical.SameThreadHierarchicalTestExecutorService.submit(SameThreadHierarchicalTestExecutorService.java:35)
	at app//org.junit.platform.engine.support.hierarchical.HierarchicalTestExecutor.execute(HierarchicalTestExecutor.java:57)
	at app//org.junit.platform.engine.support.hierarchical.HierarchicalTestEngine.execute(HierarchicalTestEngine.java:54)
	at org.junit.platform.launcher.core.EngineExecutionOrchestrator.execute(EngineExecutionOrchestrator.java:108)
	at org.junit.platform.launcher.core.EngineExecutionOrchestrator.execute(EngineExecutionOrchestrator.java:88)
	at org.junit.platform.launcher.core.EngineExecutionOrchestrator.lambda$execute$0(EngineExecutionOrchestrator.java:54)
	at org.junit.platform.launcher.core.EngineExecutionOrchestrator.withInterceptedStreams(EngineExecutionOrchestrator.java:67)
	at org.junit.platform.launcher.core.EngineExecutionOrchestrator.execute(EngineExecutionOrchestrator.java:52)
	at org.junit.platform.launcher.core.DefaultLauncher.execute(DefaultLauncher.java:96)
	at org.junit.platform.launcher.core.DefaultLauncher.execute(DefaultLauncher.java:75)
	at org.gradle.api.internal.tasks.testing.junitplatform.JUnitPlatformTestClassProcessor$CollectAllTestClassesExecutor.processAllTestClasses(JUnitPlatformTestClassProcessor.java:99)
	at org.gradle.api.internal.tasks.testing.junitplatform.JUnitPlatformTestClassProcessor$CollectAllTestClassesExecutor.access$000(JUnitPlatformTestClassProcessor.java:79)
	at org.gradle.api.internal.tasks.testing.junitplatform.JUnitPlatformTestClassProcessor.stop(JUnitPlatformTestClassProcessor.java:75)
	at org.gradle.api.internal.tasks.testing.SuiteTestClassProcessor.stop(SuiteTestClassProcessor.java:61)
	at java.base@18.0.2/jdk.internal.reflect.DirectMethodHandleAccessor.invoke(DirectMethodHandleAccessor.java:104)
	at java.base@18.0.2/java.lang.reflect.Method.invoke(Method.java:577)
	at org.gradle.internal.dispatch.ReflectionDispatch.dispatch(ReflectionDispatch.java:36)
	at org.gradle.internal.dispatch.ReflectionDispatch.dispatch(ReflectionDispatch.java:24)
	at org.gradle.internal.dispatch.ContextClassLoaderDispatch.dispatch(ContextClassLoaderDispatch.java:33)
	at org.gradle.internal.dispatch.ProxyDispatchAdapter$DispatchingInvocationHandler.invoke(ProxyDispatchAdapter.java:94)
	at jdk.proxy1/jdk.proxy1.$Proxy2.stop(Unknown Source)
	at org.gradle.api.internal.tasks.testing.worker.TestWorker$3.run(TestWorker.java:193)
	at org.gradle.api.internal.tasks.testing.worker.TestWorker.executeAndMaintainThreadName(TestWorker.java:129)
	at org.gradle.api.internal.tasks.testing.worker.TestWorker.execute(TestWorker.java:100)
	at org.gradle.api.internal.tasks.testing.worker.TestWorker.execute(TestWorker.java:60)
	at org.gradle.process.internal.worker.child.ActionExecutionWorker.execute(ActionExecutionWorker.java:56)
	at org.gradle.process.internal.worker.child.SystemApplicationClassLoaderWorker.call(SystemApplicationClassLoaderWorker.java:133)
	at org.gradle.process.internal.worker.child.SystemApplicationClassLoaderWorker.call(SystemApplicationClassLoaderWorker.java:71)
	at app//worker.org.gradle.process.internal.worker.GradleWorkerMain.run(GradleWorkerMain.java:69)
	at app//worker.org.gradle.process.internal.worker.GradleWorkerMain.main(GradleWorkerMain.java:74)
</failure>
  </testcase>
  <system-out><![CDATA[]]></system-out>
  <system-err><![CDATA[[Test worker] INFO com.codeborne.selenide.impl.WebDriverThreadLocalContainer - No webdriver is bound to current thread: 1 - let's create a new webdriver
[Test worker] INFO com.codeborne.selenide.impl.FileHelper - Creating folder: C:\IdeaProjects\getting-started-java\build\downloads\1677617203648_15008_1
[Test worker] INFO io.github.bonigarcia.wdm.WebDriverManager - Using chromedriver 110.0.5481.77 (resolved driver for Chrome 110)
[Test worker] INFO io.github.bonigarcia.wdm.WebDriverManager - Exporting webdriver.chrome.driver as C:\Users\dd904\.cache\selenium\chromedriver\win32\110.0.5481.77\chromedriver.exe
Starting ChromeDriver 110.0.5481.77 (65ed616c6e8ee3fe0ad64fe83796c020644d42af-refs/branch-heads/5481@{#839}) on port 57889
Only local connections are allowed.
Please see https://chromedriver.chromium.org/security-considerations for suggestions on keeping ChromeDriver safe.
ChromeDriver was started successfully.
[1677617205.244][WARNING]: virtual void DevToolsClientImpl::AddListener(DevToolsEventListener *) subscribing a listener to the already connected DevToolsClient. Connection notification will not arrive.
февр. 28, 2023 11:46:45 PM org.openqa.selenium.remote.ProtocolHandshake createSession
INFO: Detected dialect: W3C
февр. 28, 2023 11:46:45 PM org.openqa.selenium.devtools.CdpVersionFinder findNearestMatch
WARNING: Unable to find an exact match for CDP version 110, so returning the closest version found: a no-op implementation
февр. 28, 2023 11:46:45 PM org.openqa.selenium.devtools.CdpVersionFinder findNearestMatch
INFO: Unable to find CDP implementation matching 110.
февр. 28, 2023 11:46:45 PM org.openqa.selenium.chromium.ChromiumDriver lambda$new$3
WARNING: Unable to find version of CDP to use for . You may need to include a dependency on a specific version of the CDP using something similar to `org.seleniumhq.selenium:selenium-devtools-v86:4.1.2` where the version ("v86") matches the version of the chromium-based browser you're using and the version number of the artifact is the same as Selenium's.
[Test worker] INFO com.codeborne.selenide.webdriver.HttpClientTimeouts - Changed connectTimeout from PT10S to PT10S
[Test worker] INFO com.codeborne.selenide.webdriver.HttpClientTimeouts - Changed readTimeout from PT1M30S to PT1M30S
[Test worker] INFO com.codeborne.selenide.webdriver.BrowserResizer - Set browser size to 1366x768
[Test worker] INFO com.codeborne.selenide.webdriver.WebDriverFactory - BrowserName=chrome Version=110.0.5481.178 Platform=WINDOWS
[Test worker] INFO com.codeborne.selenide.webdriver.WebDriverFactory - Selenide v. 6.3.5
[Test worker] INFO com.codeborne.selenide.webdriver.WebDriverFactory - Selenium WebDriver v. 4.1.2 build revision: 9a5a329c5a
[Test worker] INFO com.codeborne.selenide.drivercommands.CreateDriverCommand - Created webdriver in thread 1: ChromeDriver -> ChromeDriver: chrome on WINDOWS (5d0f323938353d9d98f5eaf406e2d5a8)
]]></system-err>
</testsuite>
